<?xml version="1.0" encoding="UTF-8"?>
<!-- Generated by org.testng.reporters.JUnitXMLReporter -->
<testsuite hostname="DESKTOP-KUQ8ERQ" name="Test" tests="3" failures="0" timestamp="12 Dec 2021 12:49:34 GMT" time="491.486" errors="0">
  <testcase name="totalProductValidation" time="186.631" classname="practise.AppiumFramework.AmountValidation"/>
  <testcase name="totalProductValidation" time="171.864" classname="practise.AppiumFramework.AmountValidation"/>
  <testcase name="totalValue" time="129.732" classname="practise.AppiumFramework.Ecom_test1"/>
</testsuite> <!-- Test -->
